This file contains any messages produced by compilers while
running configure, to aid debugging if configure makes a mistake.

It was created by PCRE configure 8.02, which was
generated by GNU Autoconf 2.63.  Invocation command line was

  $ ./configure 

## --------- ##
## Platform. ##
## --------- ##

hostname = Tommi-Pistos-MacBook-Pro.local
uname -m = i386
uname -r = 10.6.0
uname -s = Darwin
uname -v = Darwin Kernel Version 10.6.0: Wed Nov 10 18:13:17 PST 2010; root:xnu-1504.9.26~3/RELEASE_I386

/usr/bin/uname -p = i386
/bin/uname -X     = unknown

/bin/arch              = unknown
/usr/bin/arch -k       = unknown
/usr/convex/getsysinfo = unknown
/usr/bin/hostinfo      = Mach kernel version:
	 Darwin Kernel Version 10.6.0: Wed Nov 10 18:13:17 PST 2010; root:xnu-1504.9.26~3/RELEASE_I386
Kernel configured for up to 4 processors.
2 processors are physically available.
4 processors are logically available.
Processor type: i486 (Intel 80486)
Processors active: 0 1 2 3
Primary memory available: 8.00 gigabytes
Default processor set: 133 tasks, 617 threads, 4 processors
Load average: 4.78, Mach factor: 0.90
/bin/machine           = unknown
/usr/bin/oslevel       = unknown
/bin/universe          = unknown

PATH: /Library/Frameworks/Python.framework/Versions/2.7/bin
PATH: /Library/Frameworks/Python.framework/Versions/2.7/bin
PATH: /usr/local/mongodb/bin
PATH: /Users/tommi/local/node/bin
PATH: /sw64/bin
PATH: /sw64/sbin
PATH: /usr/local/bin
PATH: /usr/bin
PATH: /bin
PATH: /usr/sbin
PATH: /sbin
PATH: /usr/local/git/bin
PATH: /usr/local/mongodb/bin
PATH: /usr/X11/bin
PATH: /usr/local/zend/bin
PATH: /usr/local/zend/mysql/bin
PATH: /usr/X11R6/bin
PATH: /Users/tommi/.ec2/bin


## ----------- ##
## Core tests. ##
## ----------- ##

configure:2152: checking for a BSD-compatible install
configure:2220: result: /usr/bin/install -c
configure:2231: checking whether build environment is sane
configure:2274: result: yes
configure:2401: checking for a thread-safe mkdir -p
configure:2440: result: ./install-sh -c -d
configure:2453: checking for gawk
configure:2483: result: no
configure:2453: checking for mawk
configure:2483: result: no
configure:2453: checking for nawk
configure:2483: result: no
configure:2453: checking for awk
configure:2469: found /usr/bin/awk
configure:2480: result: awk
configure:2491: checking whether make sets $(MAKE)
configure:2513: result: yes
configure:2662: checking for gcc
configure:2678: found /usr/bin/gcc
configure:2689: result: gcc
configure:2921: checking for C compiler version
configure:2929: gcc --version >&5
i686-apple-darwin10-gcc-4.2.1 (GCC) 4.2.1 (Apple Inc. build 5664)
Copyright (C) 2007 Free Software Foundation, Inc.
This is free software; see the source for copying conditions.  There is NO
warranty; not even for MERCHANTABILITY or FITNESS FOR A PARTICULAR PURPOSE.

configure:2933: $? = 0
configure:2940: gcc -v >&5
Using built-in specs.
Target: i686-apple-darwin10
Configured with: /var/tmp/gcc/gcc-5664~38/src/configure --disable-checking --enable-werror --prefix=/usr --mandir=/share/man --enable-languages=c,objc,c++,obj-c++ --program-transform-name=/^[cg][^.-]*$/s/$/-4.2/ --with-slibdir=/usr/lib --build=i686-apple-darwin10 --program-prefix=i686-apple-darwin10- --host=x86_64-apple-darwin10 --target=i686-apple-darwin10 --with-gxx-include-dir=/include/c++/4.2.1
Thread model: posix
gcc version 4.2.1 (Apple Inc. build 5664)
configure:2944: $? = 0
configure:2951: gcc -V >&5
gcc-4.2: argument to `-V' is missing
configure:2955: $? = 1
configure:2978: checking for C compiler default output file name
configure:3000: gcc    conftest.c  >&5
configure:3004: $? = 0
configure:3042: result: a.out
configure:3061: checking whether the C compiler works
configure:3071: ./a.out
configure:3075: $? = 0
configure:3094: result: yes
configure:3101: checking whether we are cross compiling
configure:3103: result: no
configure:3106: checking for suffix of executables
configure:3113: gcc -o conftest    conftest.c  >&5
configure:3117: $? = 0
configure:3143: result: 
configure:3149: checking for suffix of object files
configure:3175: gcc -c   conftest.c >&5
configure:3179: $? = 0
configure:3204: result: o
configure:3208: checking whether we are using the GNU C compiler
configure:3237: gcc -c   conftest.c >&5
configure:3244: $? = 0
configure:3261: result: yes
configure:3270: checking whether gcc accepts -g
configure:3300: gcc -c -g  conftest.c >&5
configure:3307: $? = 0
configure:3408: result: yes
configure:3425: checking for gcc option to accept ISO C89
configure:3499: gcc  -c -g -O2  conftest.c >&5
configure:3506: $? = 0
configure:3529: result: none needed
configure:3558: checking for style of include used by make
configure:3586: result: GNU
configure:3611: checking dependency style of gcc
configure:3721: result: gcc3
configure:3794: checking for g++
configure:3810: found /usr/bin/g++
configure:3821: result: g++
configure:3848: checking for C++ compiler version
configure:3856: g++ --version >&5
i686-apple-darwin10-g++-4.2.1 (GCC) 4.2.1 (Apple Inc. build 5664)
Copyright (C) 2007 Free Software Foundation, Inc.
This is free software; see the source for copying conditions.  There is NO
warranty; not even for MERCHANTABILITY or FITNESS FOR A PARTICULAR PURPOSE.

configure:3860: $? = 0
configure:3867: g++ -v >&5
Using built-in specs.
Target: i686-apple-darwin10
Configured with: /var/tmp/gcc/gcc-5664~38/src/configure --disable-checking --enable-werror --prefix=/usr --mandir=/share/man --enable-languages=c,objc,c++,obj-c++ --program-transform-name=/^[cg][^.-]*$/s/$/-4.2/ --with-slibdir=/usr/lib --build=i686-apple-darwin10 --program-prefix=i686-apple-darwin10- --host=x86_64-apple-darwin10 --target=i686-apple-darwin10 --with-gxx-include-dir=/include/c++/4.2.1
Thread model: posix
gcc version 4.2.1 (Apple Inc. build 5664)
configure:3871: $? = 0
configure:3878: g++ -V >&5
g++-4.2: argument to `-V' is missing
configure:3882: $? = 1
configure:3885: checking whether we are using the GNU C++ compiler
configure:3914: g++ -c   conftest.cpp >&5
configure:3921: $? = 0
configure:3938: result: yes
configure:3947: checking whether g++ accepts -g
configure:3977: g++ -c -g  conftest.cpp >&5
configure:3984: $? = 0
configure:4085: result: yes
configure:4110: checking dependency style of g++
configure:4220: result: gcc3
configure:4288: g++ -c -O2  conftest.cpp >&5
configure:4295: $? = 0
configure:4323: checking how to run the C preprocessor
configure:4363: gcc -E  conftest.c
configure:4370: $? = 0
configure:4401: gcc -E  conftest.c
conftest.c:10:28: error: ac_nonexistent.h: No such file or directory
configure:4408: $? = 1
configure: failed program was:
| /* confdefs.h.  */
| #define PACKAGE_NAME "PCRE"
| #define PACKAGE_TARNAME "pcre"
| #define PACKAGE_VERSION "8.02"
| #define PACKAGE_STRING "PCRE 8.02"
| #define PACKAGE_BUGREPORT ""
| #define PACKAGE "pcre"
| #define VERSION "8.02"
| /* end confdefs.h.  */
| #include <ac_nonexistent.h>
configure:4441: result: gcc -E
configure:4470: gcc -E  conftest.c
configure:4477: $? = 0
configure:4508: gcc -E  conftest.c
conftest.c:10:28: error: ac_nonexistent.h: No such file or directory
configure:4515: $? = 1
configure: failed program was:
| /* confdefs.h.  */
| #define PACKAGE_NAME "PCRE"
| #define PACKAGE_TARNAME "pcre"
| #define PACKAGE_VERSION "8.02"
| #define PACKAGE_STRING "PCRE 8.02"
| #define PACKAGE_BUGREPORT ""
| #define PACKAGE "pcre"
| #define VERSION "8.02"
| /* end confdefs.h.  */
| #include <ac_nonexistent.h>
configure:4555: checking for grep that handles long lines and -e
configure:4615: result: /usr/bin/grep
configure:4620: checking for egrep
configure:4684: result: /usr/bin/grep -E
configure:4689: checking for ANSI C header files
configure:4719: gcc -c -O2  conftest.c >&5
configure:4726: $? = 0
configure:4825: gcc -o conftest -O2   conftest.c  >&5
configure:4829: $? = 0
configure:4835: ./conftest
configure:4839: $? = 0
configure:4857: result: yes
configure:4881: checking for sys/types.h
configure:4902: gcc -c -O2  conftest.c >&5
configure:4909: $? = 0
configure:4926: result: yes
configure:4881: checking for sys/stat.h
configure:4902: gcc -c -O2  conftest.c >&5
configure:4909: $? = 0
configure:4926: result: yes
configure:4881: checking for stdlib.h
configure:4902: gcc -c -O2  conftest.c >&5
configure:4909: $? = 0
configure:4926: result: yes
configure:4881: checking for string.h
configure:4902: gcc -c -O2  conftest.c >&5
configure:4909: $? = 0
configure:4926: result: yes
configure:4881: checking for memory.h
configure:4902: gcc -c -O2  conftest.c >&5
configure:4909: $? = 0
configure:4926: result: yes
configure:4881: checking for strings.h
configure:4902: gcc -c -O2  conftest.c >&5
configure:4909: $? = 0
configure:4926: result: yes
configure:4881: checking for inttypes.h
configure:4902: gcc -c -O2  conftest.c >&5
configure:4909: $? = 0
configure:4926: result: yes
configure:4881: checking for stdint.h
configure:4902: gcc -c -O2  conftest.c >&5
configure:4909: $? = 0
configure:4926: result: yes
configure:4881: checking for unistd.h
configure:4902: gcc -c -O2  conftest.c >&5
configure:4909: $? = 0
configure:4926: result: yes
configure:4941: checking for int64_t
configure:4972: gcc -c -O2  conftest.c >&5
configure:4979: $? = 0
configure:5008: gcc -c -O2  conftest.c >&5
conftest.c: In function 'main':
conftest.c:57: warning: integer overflow in expression
conftest.c:57: error: size of array 'test_array' is negative
configure:5015: $? = 1
configure: failed program was:
| /* confdefs.h.  */
| #define PACKAGE_NAME "PCRE"
| #define PACKAGE_TARNAME "pcre"
| #define PACKAGE_VERSION "8.02"
| #define PACKAGE_STRING "PCRE 8.02"
| #define PACKAGE_BUGREPORT ""
| #define PACKAGE "pcre"
| #define VERSION "8.02"
| #define STDC_HEADERS 1
| #define HAVE_SYS_TYPES_H 1
| #define HAVE_SYS_STAT_H 1
| #define HAVE_STDLIB_H 1
| #define HAVE_STRING_H 1
| #define HAVE_MEMORY_H 1
| #define HAVE_STRINGS_H 1
| #define HAVE_INTTYPES_H 1
| #define HAVE_STDINT_H 1
| #define HAVE_UNISTD_H 1
| /* end confdefs.h.  */
| #include <stdio.h>
| #ifdef HAVE_SYS_TYPES_H
| # include <sys/types.h>
| #endif
| #ifdef HAVE_SYS_STAT_H
| # include <sys/stat.h>
| #endif
| #ifdef STDC_HEADERS
| # include <stdlib.h>
| # include <stddef.h>
| #else
| # ifdef HAVE_STDLIB_H
| #  include <stdlib.h>
| # endif
| #endif
| #ifdef HAVE_STRING_H
| # if !defined STDC_HEADERS && defined HAVE_MEMORY_H
| #  include <memory.h>
| # endif
| # include <string.h>
| #endif
| #ifdef HAVE_STRINGS_H
| # include <strings.h>
| #endif
| #ifdef HAVE_INTTYPES_H
| # include <inttypes.h>
| #endif
| #ifdef HAVE_STDINT_H
| # include <stdint.h>
| #endif
| #ifdef HAVE_UNISTD_H
| # include <unistd.h>
| #endif
| int
| main ()
| {
| static int test_array [1 - 2 * !((int64_t) ((((int64_t) 1 << (64 - 2)) - 1) * 2 + 1)
| 		 < (int64_t) ((((int64_t) 1 << (64 - 2)) - 1) * 2 + 2))];
| test_array [0] = 0
| 
|   ;
|   return 0;
| }
configure:5044: result: yes
configure:5071: checking for a BSD-compatible install
configure:5139: result: /usr/bin/install -c
configure:5156: checking build system type
configure:5174: result: i386-apple-darwin10.6.0
configure:5196: checking host system type
configure:5211: result: i386-apple-darwin10.6.0
configure:5561: checking for a sed that does not truncate output
configure:5627: result: /usr/bin/sed
configure:5645: checking for fgrep
configure:5709: result: /usr/bin/grep -F
configure:5744: checking for ld used by gcc
configure:5811: result: /usr/libexec/gcc/i686-apple-darwin10/4.2.1/ld
configure:5820: checking if the linker (/usr/libexec/gcc/i686-apple-darwin10/4.2.1/ld) is GNU ld
configure:5835: result: no
configure:5847: checking for BSD- or MS-compatible name lister (nm)
configure:5896: result: /usr/bin/nm
configure:6014: checking the name lister (/usr/bin/nm) interface
configure:6021: gcc -c -O2  conftest.c >&5
configure:6024: /usr/bin/nm "conftest.o"
configure:6027: output
0000000000000000 D _some_variable
configure:6034: result: BSD nm
configure:6037: checking whether ln -s works
configure:6041: result: yes
configure:6049: checking the maximum length of command line arguments
configure:6169: result: 196608
configure:6186: checking whether the shell understands some XSI constructs
configure:6196: result: yes
configure:6200: checking whether the shell understands "+="
configure:6206: result: yes
configure:6241: checking for /usr/libexec/gcc/i686-apple-darwin10/4.2.1/ld option to reload object files
configure:6248: result: -r
configure:6317: checking for objdump
configure:6344: result: objdump
configure:6373: checking how to recognize dependent libraries
configure:6569: result: pass_all
configure:6629: checking for ar
configure:6645: found /usr/bin/ar
configure:6656: result: ar
configure:6734: checking for strip
configure:6750: found /usr/bin/strip
configure:6761: result: strip
configure:6833: checking for ranlib
configure:6849: found /usr/bin/ranlib
configure:6860: result: ranlib
configure:6950: checking command to parse /usr/bin/nm output from gcc object
configure:7068: gcc -c -O2  conftest.c >&5
configure:7071: $? = 0
configure:7075: /usr/bin/nm conftest.o \| sed -n -e 's/^.*[	 ]\([BCDEGRST][BCDEGRST]*\)[	 ][	 ]*\([_A-Za-z][_A-Za-z0-9]*\)$/\1 \2 \2/p' \> conftest.nm
configure:7078: $? = 0
cannot find nm_test_var in conftest.nm
configure:7068: gcc -c -O2  conftest.c >&5
configure:7071: $? = 0
configure:7075: /usr/bin/nm conftest.o \| sed -n -e 's/^.*[	 ]\([BCDEGRST][BCDEGRST]*\)[	 ][	 ]*_\([_A-Za-z][_A-Za-z0-9]*\)$/\1 _\2 \2/p' \> conftest.nm
configure:7078: $? = 0
configure:7132: gcc -o conftest -O2   conftest.c conftstm.o >&5
configure:7135: $? = 0
configure:7173: result: ok
configure:7466: checking for dsymutil
configure:7482: found /usr/bin/dsymutil
configure:7493: result: dsymutil
configure:7558: checking for nmedit
configure:7574: found /usr/bin/nmedit
configure:7585: result: nmedit
configure:7650: checking for lipo
configure:7666: found /usr/bin/lipo
configure:7677: result: lipo
configure:7742: checking for otool
configure:7758: found /usr/bin/otool
configure:7769: result: otool
configure:7834: checking for otool64
configure:7864: result: no
configure:7909: checking for -single_module linker flag
gcc -O2  -o libconftest.dylib -dynamiclib -Wl,-single_module conftest.c
configure:7936: result: yes
configure:7938: checking for -exported_symbols_list linker flag
configure:7968: gcc -o conftest -O2   -Wl,-exported_symbols_list,conftest.sym conftest.c  >&5
configure:7975: $? = 0
configure:7997: result: yes
configure:8038: checking for dlfcn.h
configure:8059: gcc -c -O2  conftest.c >&5
configure:8066: $? = 0
configure:8083: result: yes
configure:8210: checking for C++ compiler version
configure:8218: g++ --version >&5
i686-apple-darwin10-g++-4.2.1 (GCC) 4.2.1 (Apple Inc. build 5664)
Copyright (C) 2007 Free Software Foundation, Inc.
This is free software; see the source for copying conditions.  There is NO
warranty; not even for MERCHANTABILITY or FITNESS FOR A PARTICULAR PURPOSE.

configure:8222: $? = 0
configure:8229: g++ -v >&5
Using built-in specs.
Target: i686-apple-darwin10
Configured with: /var/tmp/gcc/gcc-5664~38/src/configure --disable-checking --enable-werror --prefix=/usr --mandir=/share/man --enable-languages=c,objc,c++,obj-c++ --program-transform-name=/^[cg][^.-]*$/s/$/-4.2/ --with-slibdir=/usr/lib --build=i686-apple-darwin10 --program-prefix=i686-apple-darwin10- --host=x86_64-apple-darwin10 --target=i686-apple-darwin10 --with-gxx-include-dir=/include/c++/4.2.1
Thread model: posix
gcc version 4.2.1 (Apple Inc. build 5664)
configure:8233: $? = 0
configure:8240: g++ -V >&5
g++-4.2: argument to `-V' is missing
configure:8244: $? = 1
configure:8247: checking whether we are using the GNU C++ compiler
configure:8300: result: yes
configure:8309: checking whether g++ accepts -g
configure:8447: result: yes
configure:8472: checking dependency style of g++
configure:8582: result: gcc3
configure:8605: checking how to run the C++ preprocessor
configure:8641: g++ -E  conftest.cpp
configure:8648: $? = 0
configure:8679: g++ -E  conftest.cpp
conftest.cpp:21:28: error: ac_nonexistent.h: No such file or directory
configure:8686: $? = 1
configure: failed program was:
| /* confdefs.h.  */
| #define PACKAGE_NAME "PCRE"
| #define PACKAGE_TARNAME "pcre"
| #define PACKAGE_VERSION "8.02"
| #define PACKAGE_STRING "PCRE 8.02"
| #define PACKAGE_BUGREPORT ""
| #define PACKAGE "pcre"
| #define VERSION "8.02"
| #define STDC_HEADERS 1
| #define HAVE_SYS_TYPES_H 1
| #define HAVE_SYS_STAT_H 1
| #define HAVE_STDLIB_H 1
| #define HAVE_STRING_H 1
| #define HAVE_MEMORY_H 1
| #define HAVE_STRINGS_H 1
| #define HAVE_INTTYPES_H 1
| #define HAVE_STDINT_H 1
| #define HAVE_UNISTD_H 1
| #define HAVE_DLFCN_H 1
| /* end confdefs.h.  */
| #include <ac_nonexistent.h>
configure:8719: result: g++ -E
configure:8748: g++ -E  conftest.cpp
configure:8755: $? = 0
configure:8786: g++ -E  conftest.cpp
conftest.cpp:21:28: error: ac_nonexistent.h: No such file or directory
configure:8793: $? = 1
configure: failed program was:
| /* confdefs.h.  */
| #define PACKAGE_NAME "PCRE"
| #define PACKAGE_TARNAME "pcre"
| #define PACKAGE_VERSION "8.02"
| #define PACKAGE_STRING "PCRE 8.02"
| #define PACKAGE_BUGREPORT ""
| #define PACKAGE "pcre"
| #define VERSION "8.02"
| #define STDC_HEADERS 1
| #define HAVE_SYS_TYPES_H 1
| #define HAVE_SYS_STAT_H 1
| #define HAVE_STDLIB_H 1
| #define HAVE_STRING_H 1
| #define HAVE_MEMORY_H 1
| #define HAVE_STRINGS_H 1
| #define HAVE_INTTYPES_H 1
| #define HAVE_STDINT_H 1
| #define HAVE_UNISTD_H 1
| #define HAVE_DLFCN_H 1
| /* end confdefs.h.  */
| #include <ac_nonexistent.h>
configure:9004: checking for objdir
configure:9019: result: .libs
configure:9315: checking if gcc supports -fno-rtti -fno-exceptions
configure:9333: gcc -c -O2  -fno-rtti -fno-exceptions conftest.c >&5
cc1: warning: command line option "-fno-rtti" is valid for C++/ObjC++ but not for C
configure:9337: $? = 0
configure:9350: result: no
configure:9370: checking for gcc option to produce PIC
configure:9642: result: -fno-common -DPIC
configure:9654: checking if gcc PIC flag -fno-common -DPIC works
configure:9672: gcc -c -O2  -fno-common -DPIC -DPIC conftest.c >&5
configure:9676: $? = 0
configure:9689: result: yes
configure:9713: checking if gcc static flag -static works
configure:9741: result: no
configure:9756: checking if gcc supports -c -o file.o
configure:9777: gcc -c -O2  -o out/conftest2.o conftest.c >&5
configure:9781: $? = 0
configure:9803: result: yes
configure:9811: checking if gcc supports -c -o file.o
configure:9858: result: yes
configure:9891: checking whether the gcc linker (/usr/libexec/gcc/i686-apple-darwin10/4.2.1/ld) supports shared libraries
configure:10965: result: yes
configure:11204: checking dynamic linker characteristics
configure:11900: result: darwin10.6.0 dyld
configure:12002: checking how to hardcode library paths into programs
configure:12027: result: immediate
configure:12860: checking whether stripping libraries is possible
configure:12874: result: yes
configure:12900: checking if libtool supports shared libraries
configure:12902: result: yes
configure:12905: checking whether to build shared libraries
configure:12926: result: yes
configure:12929: checking whether to build static libraries
configure:12933: result: yes
configure:13083: checking for ld used by g++
configure:13150: result: /usr/libexec/gcc/i686-apple-darwin10/4.2.1/ld
configure:13159: checking if the linker (/usr/libexec/gcc/i686-apple-darwin10/4.2.1/ld) is GNU ld
configure:13174: result: no
configure:13229: checking whether the g++ linker (/usr/libexec/gcc/i686-apple-darwin10/4.2.1/ld) supports shared libraries
configure:14204: result: yes
configure:14232: g++ -c -O2  conftest.cpp >&5
configure:14235: $? = 0
configure:14417: checking for g++ option to produce PIC
configure:14734: result: -fno-common -DPIC
configure:14743: checking if g++ PIC flag -fno-common -DPIC works
configure:14761: g++ -c -O2  -fno-common -DPIC -DPIC conftest.cpp >&5
configure:14765: $? = 0
configure:14778: result: yes
configure:14799: checking if g++ static flag -static works
configure:14827: result: no
configure:14839: checking if g++ supports -c -o file.o
configure:14860: g++ -c -O2  -o out/conftest2.o conftest.cpp >&5
configure:14864: $? = 0
configure:14886: result: yes
configure:14891: checking if g++ supports -c -o file.o
configure:14938: result: yes
configure:14968: checking whether the g++ linker (/usr/libexec/gcc/i686-apple-darwin10/4.2.1/ld) supports shared libraries
configure:14994: result: yes
configure:15131: checking dynamic linker characteristics
configure:15775: result: darwin10.6.0 dyld
configure:15826: checking how to hardcode library paths into programs
configure:15851: result: immediate
configure:15909: checking whether ln -s works
configure:15913: result: yes
configure:16179: checking for ANSI C header files
configure:16347: result: yes
configure:16377: checking limits.h usability
configure:16394: gcc -c -O2  conftest.c >&5
configure:16401: $? = 0
configure:16415: result: yes
configure:16419: checking limits.h presence
configure:16434: gcc -E  conftest.c
configure:16441: $? = 0
configure:16455: result: yes
configure:16483: checking for limits.h
configure:16492: result: yes
configure:16366: checking for sys/types.h
configure:16373: result: yes
configure:16366: checking for sys/stat.h
configure:16373: result: yes
configure:16377: checking dirent.h usability
configure:16394: gcc -c -O2  conftest.c >&5
configure:16401: $? = 0
configure:16415: result: yes
configure:16419: checking dirent.h presence
configure:16434: gcc -E  conftest.c
configure:16441: $? = 0
configure:16455: result: yes
configure:16483: checking for dirent.h
configure:16492: result: yes
configure:16377: checking windows.h usability
configure:16394: gcc -c -O2  conftest.c >&5
conftest.c:60:21: error: windows.h: No such file or directory
configure:16401: $? = 1
configure: failed program was:
| /* confdefs.h.  */
| #define PACKAGE_NAME "PCRE"
| #define PACKAGE_TARNAME "pcre"
| #define PACKAGE_VERSION "8.02"
| #define PACKAGE_STRING "PCRE 8.02"
| #define PACKAGE_BUGREPORT ""
| #define PACKAGE "pcre"
| #define VERSION "8.02"
| #define STDC_HEADERS 1
| #define HAVE_SYS_TYPES_H 1
| #define HAVE_SYS_STAT_H 1
| #define HAVE_STDLIB_H 1
| #define HAVE_STRING_H 1
| #define HAVE_MEMORY_H 1
| #define HAVE_STRINGS_H 1
| #define HAVE_INTTYPES_H 1
| #define HAVE_STDINT_H 1
| #define HAVE_UNISTD_H 1
| #define HAVE_DLFCN_H 1
| #define LT_OBJDIR ".libs/"
| #define STDC_HEADERS 1
| #define HAVE_LIMITS_H 1
| #define HAVE_SYS_TYPES_H 1
| #define HAVE_SYS_STAT_H 1
| #define HAVE_DIRENT_H 1
| /* end confdefs.h.  */
| #include <stdio.h>
| #ifdef HAVE_SYS_TYPES_H
| # include <sys/types.h>
| #endif
| #ifdef HAVE_SYS_STAT_H
| # include <sys/stat.h>
| #endif
| #ifdef STDC_HEADERS
| # include <stdlib.h>
| # include <stddef.h>
| #else
| # ifdef HAVE_STDLIB_H
| #  include <stdlib.h>
| # endif
| #endif
| #ifdef HAVE_STRING_H
| # if !defined STDC_HEADERS && defined HAVE_MEMORY_H
| #  include <memory.h>
| # endif
| # include <string.h>
| #endif
| #ifdef HAVE_STRINGS_H
| # include <strings.h>
| #endif
| #ifdef HAVE_INTTYPES_H
| # include <inttypes.h>
| #endif
| #ifdef HAVE_STDINT_H
| # include <stdint.h>
| #endif
| #ifdef HAVE_UNISTD_H
| # include <unistd.h>
| #endif
| #include <windows.h>
configure:16415: result: no
configure:16419: checking windows.h presence
configure:16434: gcc -E  conftest.c
conftest.c:27:21: error: windows.h: No such file or directory
configure:16441: $? = 1
configure: failed program was:
| /* confdefs.h.  */
| #define PACKAGE_NAME "PCRE"
| #define PACKAGE_TARNAME "pcre"
| #define PACKAGE_VERSION "8.02"
| #define PACKAGE_STRING "PCRE 8.02"
| #define PACKAGE_BUGREPORT ""
| #define PACKAGE "pcre"
| #define VERSION "8.02"
| #define STDC_HEADERS 1
| #define HAVE_SYS_TYPES_H 1
| #define HAVE_SYS_STAT_H 1
| #define HAVE_STDLIB_H 1
| #define HAVE_STRING_H 1
| #define HAVE_MEMORY_H 1
| #define HAVE_STRINGS_H 1
| #define HAVE_INTTYPES_H 1
| #define HAVE_STDINT_H 1
| #define HAVE_UNISTD_H 1
| #define HAVE_DLFCN_H 1
| #define LT_OBJDIR ".libs/"
| #define STDC_HEADERS 1
| #define HAVE_LIMITS_H 1
| #define HAVE_SYS_TYPES_H 1
| #define HAVE_SYS_STAT_H 1
| #define HAVE_DIRENT_H 1
| /* end confdefs.h.  */
| #include <windows.h>
configure:16455: result: no
configure:16483: checking for windows.h
configure:16492: result: no
configure:16528: checking for alias support in the linker
configure:16557: g++ -o conftest -O2   -Wl,-alias,__ZN7pcrecpp2RE6no_argE,__ZN7pcrecpp6no_argE conftest.cpp  >&5
configure:16564: $? = 0
configure:16572: result: yes
configure:16610: checking string usability
configure:16627: g++ -c -O2  conftest.cpp >&5
configure:16634: $? = 0
configure:16648: result: yes
configure:16652: checking string presence
configure:16667: g++ -E  conftest.cpp
configure:16674: $? = 0
configure:16688: result: yes
configure:16716: checking for string
configure:16725: result: yes
configure:16758: checking bits/type_traits.h usability
configure:16775: g++ -c -O2  conftest.cpp >&5
conftest.cpp:61:30: error: bits/type_traits.h: No such file or directory
configure:16782: $? = 1
configure: failed program was:
| /* confdefs.h.  */
| #define PACKAGE_NAME "PCRE"
| #define PACKAGE_TARNAME "pcre"
| #define PACKAGE_VERSION "8.02"
| #define PACKAGE_STRING "PCRE 8.02"
| #define PACKAGE_BUGREPORT ""
| #define PACKAGE "pcre"
| #define VERSION "8.02"
| #define STDC_HEADERS 1
| #define HAVE_SYS_TYPES_H 1
| #define HAVE_SYS_STAT_H 1
| #define HAVE_STDLIB_H 1
| #define HAVE_STRING_H 1
| #define HAVE_MEMORY_H 1
| #define HAVE_STRINGS_H 1
| #define HAVE_INTTYPES_H 1
| #define HAVE_STDINT_H 1
| #define HAVE_UNISTD_H 1
| #define HAVE_DLFCN_H 1
| #define LT_OBJDIR ".libs/"
| #define STDC_HEADERS 1
| #define HAVE_LIMITS_H 1
| #define HAVE_SYS_TYPES_H 1
| #define HAVE_SYS_STAT_H 1
| #define HAVE_DIRENT_H 1
| #define HAVE_STRING 1
| /* end confdefs.h.  */
| #include <stdio.h>
| #ifdef HAVE_SYS_TYPES_H
| # include <sys/types.h>
| #endif
| #ifdef HAVE_SYS_STAT_H
| # include <sys/stat.h>
| #endif
| #ifdef STDC_HEADERS
| # include <stdlib.h>
| # include <stddef.h>
| #else
| # ifdef HAVE_STDLIB_H
| #  include <stdlib.h>
| # endif
| #endif
| #ifdef HAVE_STRING_H
| # if !defined STDC_HEADERS && defined HAVE_MEMORY_H
| #  include <memory.h>
| # endif
| # include <string.h>
| #endif
| #ifdef HAVE_STRINGS_H
| # include <strings.h>
| #endif
| #ifdef HAVE_INTTYPES_H
| # include <inttypes.h>
| #endif
| #ifdef HAVE_STDINT_H
| # include <stdint.h>
| #endif
| #ifdef HAVE_UNISTD_H
| # include <unistd.h>
| #endif
| #include <bits/type_traits.h>
configure:16796: result: no
configure:16800: checking bits/type_traits.h presence
configure:16815: g++ -E  conftest.cpp
conftest.cpp:28:30: error: bits/type_traits.h: No such file or directory
configure:16822: $? = 1
configure: failed program was:
| /* confdefs.h.  */
| #define PACKAGE_NAME "PCRE"
| #define PACKAGE_TARNAME "pcre"
| #define PACKAGE_VERSION "8.02"
| #define PACKAGE_STRING "PCRE 8.02"
| #define PACKAGE_BUGREPORT ""
| #define PACKAGE "pcre"
| #define VERSION "8.02"
| #define STDC_HEADERS 1
| #define HAVE_SYS_TYPES_H 1
| #define HAVE_SYS_STAT_H 1
| #define HAVE_STDLIB_H 1
| #define HAVE_STRING_H 1
| #define HAVE_MEMORY_H 1
| #define HAVE_STRINGS_H 1
| #define HAVE_INTTYPES_H 1
| #define HAVE_STDINT_H 1
| #define HAVE_UNISTD_H 1
| #define HAVE_DLFCN_H 1
| #define LT_OBJDIR ".libs/"
| #define STDC_HEADERS 1
| #define HAVE_LIMITS_H 1
| #define HAVE_SYS_TYPES_H 1
| #define HAVE_SYS_STAT_H 1
| #define HAVE_DIRENT_H 1
| #define HAVE_STRING 1
| /* end confdefs.h.  */
| #include <bits/type_traits.h>
configure:16836: result: no
configure:16864: checking for bits/type_traits.h
configure:16873: result: no
configure:16906: checking type_traits.h usability
configure:16923: g++ -c -O2  conftest.cpp >&5
conftest.cpp:61:25: error: type_traits.h: No such file or directory
configure:16930: $? = 1
configure: failed program was:
| /* confdefs.h.  */
| #define PACKAGE_NAME "PCRE"
| #define PACKAGE_TARNAME "pcre"
| #define PACKAGE_VERSION "8.02"
| #define PACKAGE_STRING "PCRE 8.02"
| #define PACKAGE_BUGREPORT ""
| #define PACKAGE "pcre"
| #define VERSION "8.02"
| #define STDC_HEADERS 1
| #define HAVE_SYS_TYPES_H 1
| #define HAVE_SYS_STAT_H 1
| #define HAVE_STDLIB_H 1
| #define HAVE_STRING_H 1
| #define HAVE_MEMORY_H 1
| #define HAVE_STRINGS_H 1
| #define HAVE_INTTYPES_H 1
| #define HAVE_STDINT_H 1
| #define HAVE_UNISTD_H 1
| #define HAVE_DLFCN_H 1
| #define LT_OBJDIR ".libs/"
| #define STDC_HEADERS 1
| #define HAVE_LIMITS_H 1
| #define HAVE_SYS_TYPES_H 1
| #define HAVE_SYS_STAT_H 1
| #define HAVE_DIRENT_H 1
| #define HAVE_STRING 1
| /* end confdefs.h.  */
| #include <stdio.h>
| #ifdef HAVE_SYS_TYPES_H
| # include <sys/types.h>
| #endif
| #ifdef HAVE_SYS_STAT_H
| # include <sys/stat.h>
| #endif
| #ifdef STDC_HEADERS
| # include <stdlib.h>
| # include <stddef.h>
| #else
| # ifdef HAVE_STDLIB_H
| #  include <stdlib.h>
| # endif
| #endif
| #ifdef HAVE_STRING_H
| # if !defined STDC_HEADERS && defined HAVE_MEMORY_H
| #  include <memory.h>
| # endif
| # include <string.h>
| #endif
| #ifdef HAVE_STRINGS_H
| # include <strings.h>
| #endif
| #ifdef HAVE_INTTYPES_H
| # include <inttypes.h>
| #endif
| #ifdef HAVE_STDINT_H
| # include <stdint.h>
| #endif
| #ifdef HAVE_UNISTD_H
| # include <unistd.h>
| #endif
| #include <type_traits.h>
configure:16944: result: no
configure:16948: checking type_traits.h presence
configure:16963: g++ -E  conftest.cpp
conftest.cpp:28:25: error: type_traits.h: No such file or directory
configure:16970: $? = 1
configure: failed program was:
| /* confdefs.h.  */
| #define PACKAGE_NAME "PCRE"
| #define PACKAGE_TARNAME "pcre"
| #define PACKAGE_VERSION "8.02"
| #define PACKAGE_STRING "PCRE 8.02"
| #define PACKAGE_BUGREPORT ""
| #define PACKAGE "pcre"
| #define VERSION "8.02"
| #define STDC_HEADERS 1
| #define HAVE_SYS_TYPES_H 1
| #define HAVE_SYS_STAT_H 1
| #define HAVE_STDLIB_H 1
| #define HAVE_STRING_H 1
| #define HAVE_MEMORY_H 1
| #define HAVE_STRINGS_H 1
| #define HAVE_INTTYPES_H 1
| #define HAVE_STDINT_H 1
| #define HAVE_UNISTD_H 1
| #define HAVE_DLFCN_H 1
| #define LT_OBJDIR ".libs/"
| #define STDC_HEADERS 1
| #define HAVE_LIMITS_H 1
| #define HAVE_SYS_TYPES_H 1
| #define HAVE_SYS_STAT_H 1
| #define HAVE_DIRENT_H 1
| #define HAVE_STRING 1
| /* end confdefs.h.  */
| #include <type_traits.h>
configure:16984: result: no
configure:17012: checking for type_traits.h
configure:17021: result: no
configure:17056: checking for strtoq
configure:17084: g++ -c -O2  conftest.cpp >&5
configure:17091: $? = 0
configure:17096: result: yes
configure:17117: checking for long long
configure:17145: g++ -c -O2  conftest.cpp >&5
configure:17152: $? = 0
configure:17179: g++ -c -O2  conftest.cpp >&5
conftest.cpp: In function 'int main()':
conftest.cpp:65: error: expected primary-expression before 'long'
conftest.cpp:65: error: expected `)' before 'long'
conftest.cpp:66: error: expected `)' before ';' token
conftest.cpp:66: error: expected `)' before ';' token
configure:17186: $? = 1
configure: failed program was:
| /* confdefs.h.  */
| #define PACKAGE_NAME "PCRE"
| #define PACKAGE_TARNAME "pcre"
| #define PACKAGE_VERSION "8.02"
| #define PACKAGE_STRING "PCRE 8.02"
| #define PACKAGE_BUGREPORT ""
| #define PACKAGE "pcre"
| #define VERSION "8.02"
| #define STDC_HEADERS 1
| #define HAVE_SYS_TYPES_H 1
| #define HAVE_SYS_STAT_H 1
| #define HAVE_STDLIB_H 1
| #define HAVE_STRING_H 1
| #define HAVE_MEMORY_H 1
| #define HAVE_STRINGS_H 1
| #define HAVE_INTTYPES_H 1
| #define HAVE_STDINT_H 1
| #define HAVE_UNISTD_H 1
| #define HAVE_DLFCN_H 1
| #define LT_OBJDIR ".libs/"
| #define STDC_HEADERS 1
| #define HAVE_LIMITS_H 1
| #define HAVE_SYS_TYPES_H 1
| #define HAVE_SYS_STAT_H 1
| #define HAVE_DIRENT_H 1
| #define HAVE_STRING 1
| #define HAVE_STRTOQ 1
| /* end confdefs.h.  */
| #include <stdio.h>
| #ifdef HAVE_SYS_TYPES_H
| # include <sys/types.h>
| #endif
| #ifdef HAVE_SYS_STAT_H
| # include <sys/stat.h>
| #endif
| #ifdef STDC_HEADERS
| # include <stdlib.h>
| # include <stddef.h>
| #else
| # ifdef HAVE_STDLIB_H
| #  include <stdlib.h>
| # endif
| #endif
| #ifdef HAVE_STRING_H
| # if !defined STDC_HEADERS && defined HAVE_MEMORY_H
| #  include <memory.h>
| # endif
| # include <string.h>
| #endif
| #ifdef HAVE_STRINGS_H
| # include <strings.h>
| #endif
| #ifdef HAVE_INTTYPES_H
| # include <inttypes.h>
| #endif
| #ifdef HAVE_STDINT_H
| # include <stdint.h>
| #endif
| #ifdef HAVE_UNISTD_H
| # include <unistd.h>
| #endif
| int
| main ()
| {
| if (sizeof ((long long)))
| 	  return 0;
|   ;
|   return 0;
| }
configure:17209: result: yes
configure:17222: checking for unsigned long long
configure:17250: g++ -c -O2  conftest.cpp >&5
configure:17257: $? = 0
configure:17284: g++ -c -O2  conftest.cpp >&5
conftest.cpp: In function 'int main()':
conftest.cpp:66: error: expected primary-expression before 'unsigned'
conftest.cpp:66: error: expected `)' before 'unsigned'
conftest.cpp:67: error: expected `)' before ';' token
conftest.cpp:67: error: expected `)' before ';' token
configure:17291: $? = 1
configure: failed program was:
| /* confdefs.h.  */
| #define PACKAGE_NAME "PCRE"
| #define PACKAGE_TARNAME "pcre"
| #define PACKAGE_VERSION "8.02"
| #define PACKAGE_STRING "PCRE 8.02"
| #define PACKAGE_BUGREPORT ""
| #define PACKAGE "pcre"
| #define VERSION "8.02"
| #define STDC_HEADERS 1
| #define HAVE_SYS_TYPES_H 1
| #define HAVE_SYS_STAT_H 1
| #define HAVE_STDLIB_H 1
| #define HAVE_STRING_H 1
| #define HAVE_MEMORY_H 1
| #define HAVE_STRINGS_H 1
| #define HAVE_INTTYPES_H 1
| #define HAVE_STDINT_H 1
| #define HAVE_UNISTD_H 1
| #define HAVE_DLFCN_H 1
| #define LT_OBJDIR ".libs/"
| #define STDC_HEADERS 1
| #define HAVE_LIMITS_H 1
| #define HAVE_SYS_TYPES_H 1
| #define HAVE_SYS_STAT_H 1
| #define HAVE_DIRENT_H 1
| #define HAVE_STRING 1
| #define HAVE_STRTOQ 1
| #define HAVE_LONG_LONG 1
| /* end confdefs.h.  */
| #include <stdio.h>
| #ifdef HAVE_SYS_TYPES_H
| # include <sys/types.h>
| #endif
| #ifdef HAVE_SYS_STAT_H
| # include <sys/stat.h>
| #endif
| #ifdef STDC_HEADERS
| # include <stdlib.h>
| # include <stddef.h>
| #else
| # ifdef HAVE_STDLIB_H
| #  include <stdlib.h>
| # endif
| #endif
| #ifdef HAVE_STRING_H
| # if !defined STDC_HEADERS && defined HAVE_MEMORY_H
| #  include <memory.h>
| # endif
| # include <string.h>
| #endif
| #ifdef HAVE_STRINGS_H
| # include <strings.h>
| #endif
| #ifdef HAVE_INTTYPES_H
| # include <inttypes.h>
| #endif
| #ifdef HAVE_STDINT_H
| # include <stdint.h>
| #endif
| #ifdef HAVE_UNISTD_H
| # include <unistd.h>
| #endif
| int
| main ()
| {
| if (sizeof ((unsigned long long)))
| 	  return 0;
|   ;
|   return 0;
| }
configure:17314: result: yes
configure:17365: checking for an ANSI C-conforming const
configure:17440: gcc -c -O2  conftest.c >&5
configure:17447: $? = 0
configure:17462: result: yes
configure:17472: checking for size_t
configure:17500: gcc -c -O2  conftest.c >&5
configure:17507: $? = 0
configure:17534: gcc -c -O2  conftest.c >&5
conftest.c: In function 'main':
conftest.c:67: error: expected expression before ')' token
configure:17541: $? = 1
configure: failed program was:
| /* confdefs.h.  */
| #define PACKAGE_NAME "PCRE"
| #define PACKAGE_TARNAME "pcre"
| #define PACKAGE_VERSION "8.02"
| #define PACKAGE_STRING "PCRE 8.02"
| #define PACKAGE_BUGREPORT ""
| #define PACKAGE "pcre"
| #define VERSION "8.02"
| #define STDC_HEADERS 1
| #define HAVE_SYS_TYPES_H 1
| #define HAVE_SYS_STAT_H 1
| #define HAVE_STDLIB_H 1
| #define HAVE_STRING_H 1
| #define HAVE_MEMORY_H 1
| #define HAVE_STRINGS_H 1
| #define HAVE_INTTYPES_H 1
| #define HAVE_STDINT_H 1
| #define HAVE_UNISTD_H 1
| #define HAVE_DLFCN_H 1
| #define LT_OBJDIR ".libs/"
| #define STDC_HEADERS 1
| #define HAVE_LIMITS_H 1
| #define HAVE_SYS_TYPES_H 1
| #define HAVE_SYS_STAT_H 1
| #define HAVE_DIRENT_H 1
| #define HAVE_STRING 1
| #define HAVE_STRTOQ 1
| #define HAVE_LONG_LONG 1
| #define HAVE_UNSIGNED_LONG_LONG 1
| /* end confdefs.h.  */
| #include <stdio.h>
| #ifdef HAVE_SYS_TYPES_H
| # include <sys/types.h>
| #endif
| #ifdef HAVE_SYS_STAT_H
| # include <sys/stat.h>
| #endif
| #ifdef STDC_HEADERS
| # include <stdlib.h>
| # include <stddef.h>
| #else
| # ifdef HAVE_STDLIB_H
| #  include <stdlib.h>
| # endif
| #endif
| #ifdef HAVE_STRING_H
| # if !defined STDC_HEADERS && defined HAVE_MEMORY_H
| #  include <memory.h>
| # endif
| # include <string.h>
| #endif
| #ifdef HAVE_STRINGS_H
| # include <strings.h>
| #endif
| #ifdef HAVE_INTTYPES_H
| # include <inttypes.h>
| #endif
| #ifdef HAVE_STDINT_H
| # include <stdint.h>
| #endif
| #ifdef HAVE_UNISTD_H
| # include <unistd.h>
| #endif
| int
| main ()
| {
| if (sizeof ((size_t)))
| 	  return 0;
|   ;
|   return 0;
| }
configure:17564: result: yes
configure:17585: checking for bcopy
configure:17641: gcc -o conftest -O2   conftest.c  >&5
conftest.c:54: warning: conflicting types for built-in function 'bcopy'
configure:17648: $? = 0
configure:17670: result: yes
configure:17585: checking for memmove
configure:17641: gcc -o conftest -O2   conftest.c  >&5
conftest.c:55: warning: conflicting types for built-in function 'memmove'
configure:17648: $? = 0
configure:17670: result: yes
configure:17585: checking for strerror
configure:17641: gcc -o conftest -O2   conftest.c  >&5
configure:17648: $? = 0
configure:17670: result: yes
configure:17701: checking zlib.h usability
configure:17718: gcc -c -O2  conftest.c >&5
configure:17725: $? = 0
configure:17739: result: yes
configure:17743: checking zlib.h presence
configure:17758: gcc -E  conftest.c
configure:17765: $? = 0
configure:17779: result: yes
configure:17807: checking for zlib.h
configure:17816: result: yes
configure:17831: checking for gzopen in -lz
configure:17866: gcc -o conftest -O2   conftest.c -lz   >&5
configure:17873: $? = 0
configure:17894: result: yes
configure:17933: checking bzlib.h usability
configure:17950: gcc -c -O2  conftest.c >&5
configure:17957: $? = 0
configure:17971: result: yes
configure:17975: checking bzlib.h presence
configure:17990: gcc -E  conftest.c
configure:17997: $? = 0
configure:18011: result: yes
configure:18039: checking for bzlib.h
configure:18048: result: yes
configure:18068: checking for libbz2
configure:18096: gcc -o conftest -O2   conftest.c  -lbz2 >&5
conftest.c: In function 'main':
conftest.c:43: warning: cast from pointer to integer of different size
configure:18103: $? = 0
configure:18111: result: yes
configure:18144: checking readline/readline.h usability
configure:18161: gcc -c -O2  conftest.c >&5
configure:18168: $? = 0
configure:18182: result: yes
configure:18186: checking readline/readline.h presence
configure:18201: gcc -E  conftest.c
configure:18208: $? = 0
configure:18222: result: yes
configure:18250: checking for readline/readline.h
configure:18259: result: yes
configure:18290: checking readline/history.h usability
configure:18307: gcc -c -O2  conftest.c >&5
configure:18314: $? = 0
configure:18328: result: yes
configure:18332: checking readline/history.h presence
configure:18347: gcc -E  conftest.c
configure:18354: $? = 0
configure:18368: result: yes
configure:18396: checking for readline/history.h
configure:18405: result: yes
configure:18420: checking for readline in -lreadline
configure:18455: gcc -o conftest -O2   conftest.c -lreadline   >&5
configure:18462: $? = 0
configure:18483: result: yes
configure:18848: creating ./config.status

## ---------------------- ##
## Running config.status. ##
## ---------------------- ##

This file was extended by PCRE config.status 8.02, which was
generated by GNU Autoconf 2.63.  Invocation command line was

  CONFIG_FILES    = 
  CONFIG_HEADERS  = 
  CONFIG_LINKS    = 
  CONFIG_COMMANDS = 
  $ ./config.status 

on Tommi-Pistos-MacBook-Pro.local

config.status:1097: creating Makefile
config.status:1097: creating libpcre.pc
config.status:1097: creating libpcreposix.pc
config.status:1097: creating libpcrecpp.pc
config.status:1097: creating pcre-config
config.status:1097: creating pcre.h
config.status:1097: creating pcre_stringpiece.h
config.status:1097: creating pcrecpparg.h
config.status:1097: creating config.h
config.status:1371: executing depfiles commands
config.status:1371: executing libtool commands
config.status:1371: executing script-chmod commands
config.status:1371: executing delete-old-chartables commands

## ---------------- ##
## Cache variables. ##
## ---------------- ##

ac_cv_build=i386-apple-darwin10.6.0
ac_cv_c_compiler_gnu=yes
ac_cv_c_const=yes
ac_cv_c_int64_t=yes
ac_cv_cxx_compiler_gnu=yes
ac_cv_env_CCC_set=
ac_cv_env_CCC_value=
ac_cv_env_CC_set=
ac_cv_env_CC_value=
ac_cv_env_CFLAGS_set=
ac_cv_env_CFLAGS_value=
ac_cv_env_CPPFLAGS_set=
ac_cv_env_CPPFLAGS_value=
ac_cv_env_CPP_set=
ac_cv_env_CPP_value=
ac_cv_env_CXXCPP_set=
ac_cv_env_CXXCPP_value=
ac_cv_env_CXXFLAGS_set=
ac_cv_env_CXXFLAGS_value=
ac_cv_env_CXX_set=
ac_cv_env_CXX_value=
ac_cv_env_LDFLAGS_set=
ac_cv_env_LDFLAGS_value=
ac_cv_env_LIBS_set=
ac_cv_env_LIBS_value=
ac_cv_env_build_alias_set=
ac_cv_env_build_alias_value=
ac_cv_env_host_alias_set=
ac_cv_env_host_alias_value=
ac_cv_env_target_alias_set=
ac_cv_env_target_alias_value=
ac_cv_func_bcopy=yes
ac_cv_func_memmove=yes
ac_cv_func_strerror=yes
ac_cv_header_bits_type_traits_h=no
ac_cv_header_bzlib_h=yes
ac_cv_header_dirent_h=yes
ac_cv_header_dlfcn_h=yes
ac_cv_header_inttypes_h=yes
ac_cv_header_limits_h=yes
ac_cv_header_memory_h=yes
ac_cv_header_readline_history_h=yes
ac_cv_header_readline_readline_h=yes
ac_cv_header_stdc=yes
ac_cv_header_stdint_h=yes
ac_cv_header_stdlib_h=yes
ac_cv_header_string=yes
ac_cv_header_string_h=yes
ac_cv_header_strings_h=yes
ac_cv_header_sys_stat_h=yes
ac_cv_header_sys_types_h=yes
ac_cv_header_type_traits_h=no
ac_cv_header_unistd_h=yes
ac_cv_header_windows_h=no
ac_cv_header_zlib_h=yes
ac_cv_host=i386-apple-darwin10.6.0
ac_cv_lib_readline_readline=yes
ac_cv_lib_z_gzopen=yes
ac_cv_objext=o
ac_cv_path_EGREP='/usr/bin/grep -E'
ac_cv_path_FGREP='/usr/bin/grep -F'
ac_cv_path_GREP=/usr/bin/grep
ac_cv_path_INTLTOOL_PERL=/usr/bin/perl
ac_cv_path_SED=/usr/bin/sed
ac_cv_path_install='/usr/bin/install -c'
ac_cv_prog_AWK=awk
ac_cv_prog_CPP='gcc -E'
ac_cv_prog_CXXCPP='g++ -E'
ac_cv_prog_ac_ct_AR=ar
ac_cv_prog_ac_ct_CC=gcc
ac_cv_prog_ac_ct_CXX=g++
ac_cv_prog_ac_ct_DSYMUTIL=dsymutil
ac_cv_prog_ac_ct_LIPO=lipo
ac_cv_prog_ac_ct_NMEDIT=nmedit
ac_cv_prog_ac_ct_OBJDUMP=objdump
ac_cv_prog_ac_ct_OTOOL=otool
ac_cv_prog_ac_ct_RANLIB=ranlib
ac_cv_prog_ac_ct_STRIP=strip
ac_cv_prog_cc_c89=
ac_cv_prog_cc_g=yes
ac_cv_prog_cxx_g=yes
ac_cv_prog_make_make_set=yes
ac_cv_type_long_long=yes
ac_cv_type_size_t=yes
ac_cv_type_unsigned_long_long=yes
am_cv_CC_dependencies_compiler_type=gcc3
am_cv_CXX_dependencies_compiler_type=gcc3
lt_cv_apple_cc_single_mod=yes
lt_cv_deplibs_check_method=pass_all
lt_cv_file_magic_cmd='$MAGIC_CMD'
lt_cv_file_magic_test_file=
lt_cv_ld_exported_symbols_list=yes
lt_cv_ld_reload_flag=-r
lt_cv_nm_interface='BSD nm'
lt_cv_objdir=.libs
lt_cv_path_LD=/usr/libexec/gcc/i686-apple-darwin10/4.2.1/ld
lt_cv_path_LDCXX=/usr/libexec/gcc/i686-apple-darwin10/4.2.1/ld
lt_cv_path_NM=/usr/bin/nm
lt_cv_prog_compiler_c_o=yes
lt_cv_prog_compiler_c_o_CXX=yes
lt_cv_prog_compiler_pic_works=yes
lt_cv_prog_compiler_pic_works_CXX=yes
lt_cv_prog_compiler_rtti_exceptions=no
lt_cv_prog_compiler_static_works=no
lt_cv_prog_compiler_static_works_CXX=no
lt_cv_prog_gnu_ld=no
lt_cv_prog_gnu_ldcxx=no
lt_cv_sys_global_symbol_pipe='sed -n -e '\''s/^.*[	 ]\([BCDEGRST][BCDEGRST]*\)[	 ][	 ]*_\([_A-Za-z][_A-Za-z0-9]*\)$/\1 _\2 \2/p'\'''
lt_cv_sys_global_symbol_to_c_name_address='sed -n -e '\''s/^: \([^ ]*\) $/  {\"\1\", (void *) 0},/p'\'' -e '\''s/^[BCDEGRST]* \([^ ]*\) \([^ ]*\)$/  {"\2", (void *) \&\2},/p'\'''
lt_cv_sys_global_symbol_to_c_name_address_lib_prefix='sed -n -e '\''s/^: \([^ ]*\) $/  {\"\1\", (void *) 0},/p'\'' -e '\''s/^[BCDEGRST]* \([^ ]*\) \(lib[^ ]*\)$/  {"\2", (void *) \&\2},/p'\'' -e '\''s/^[BCDEGRST]* \([^ ]*\) \([^ ]*\)$/  {"lib\2", (void *) \&\2},/p'\'''
lt_cv_sys_global_symbol_to_cdecl='sed -n -e '\''s/^T .* \(.*\)$/extern int \1();/p'\'' -e '\''s/^[BCDEGRST]* .* \(.*\)$/extern char \1;/p'\'''
lt_cv_sys_max_cmd_len=196608

## ----------------- ##
## Output variables. ##
## ----------------- ##

ACLOCAL='${SHELL} /Users/tommi/PycharmProjects/msmicrokernel/utils/rmongo/src/mongo-cxx-driver/pcre/missing --run aclocal-1.10'
AMDEPBACKSLASH='\'
AMDEP_FALSE='#'
AMDEP_TRUE=''
AMTAR='${SHELL} /Users/tommi/PycharmProjects/msmicrokernel/utils/rmongo/src/mongo-cxx-driver/pcre/missing --run tar'
AR='ar'
AS='as'
AUTOCONF='${SHELL} /Users/tommi/PycharmProjects/msmicrokernel/utils/rmongo/src/mongo-cxx-driver/pcre/missing --run autoconf'
AUTOHEADER='${SHELL} /Users/tommi/PycharmProjects/msmicrokernel/utils/rmongo/src/mongo-cxx-driver/pcre/missing --run autoheader'
AUTOMAKE='${SHELL} /Users/tommi/PycharmProjects/msmicrokernel/utils/rmongo/src/mongo-cxx-driver/pcre/missing --run automake-1.10'
AWK='awk'
CC='gcc'
CCDEPMODE='depmode=gcc3'
CFLAGS='-O2'
CPP='gcc -E'
CPPFLAGS=''
CXX='g++'
CXXCPP='g++ -E'
CXXDEPMODE='depmode=gcc3'
CXXFLAGS='-O2'
CYGPATH_W='echo'
DEFS='-DHAVE_CONFIG_H'
DEPDIR='.deps'
DISTCHECK_CONFIGURE_FLAGS='--enable-cpp --enable-unicode-properties'
DLLTOOL='dlltool'
DSYMUTIL='dsymutil'
DUMPBIN=''
ECHO_C='\c'
ECHO_N=''
ECHO_T=''
EGREP='/usr/bin/grep -E'
EXEEXT=''
EXTRA_LIBPCRECPP_LDFLAGS=' -Wl,-alias,__ZN7pcrecpp2RE6no_argE,__ZN7pcrecpp6no_argE                            -version-info 0:0:0                           '
EXTRA_LIBPCREPOSIX_LDFLAGS='                              -version-info 0:0:0'
EXTRA_LIBPCRE_LDFLAGS='                         -version-info 0:1:0'
FGREP='/usr/bin/grep -F'
GREP='/usr/bin/grep'
INSTALL_DATA='${INSTALL} -m 644'
INSTALL_PROGRAM='${INSTALL}'
INSTALL_SCRIPT='${INSTALL}'
INSTALL_STRIP_PROGRAM='$(install_sh) -c -s'
LD='/usr/libexec/gcc/i686-apple-darwin10/4.2.1/ld'
LDFLAGS=''
LIBBZ2=''
LIBOBJS=''
LIBREADLINE=''
LIBS=''
LIBTOOL='$(SHELL) $(top_builddir)/libtool'
LIBZ=''
LIPO='lipo'
LN_S='ln -s'
LTLIBOBJS=''
MAKEINFO='${SHELL} /Users/tommi/PycharmProjects/msmicrokernel/utils/rmongo/src/mongo-cxx-driver/pcre/missing --run makeinfo'
MKDIR_P='./install-sh -c -d'
NM='/usr/bin/nm'
NMEDIT='nmedit'
OBJDUMP='objdump'
OBJEXT='o'
OTOOL64=':'
OTOOL='otool'
PACKAGE='pcre'
PACKAGE_BUGREPORT=''
PACKAGE_NAME='PCRE'
PACKAGE_STRING='PCRE 8.02'
PACKAGE_TARNAME='pcre'
PACKAGE_VERSION='8.02'
PATH_SEPARATOR=':'
PCRE_DATE='2010-03-19'
PCRE_MAJOR='8'
PCRE_MINOR='02'
PCRE_PRERELEASE=''
PCRE_STATIC_CFLAG=''
RANLIB='ranlib'
SED='/usr/bin/sed'
SET_MAKE=''
SHELL='/bin/sh'
STRIP='strip'
VERSION='8.02'
WITH_PCRE_CPP_FALSE='#'
WITH_PCRE_CPP_TRUE=''
WITH_REBUILD_CHARTABLES_FALSE=''
WITH_REBUILD_CHARTABLES_TRUE='#'
ac_ct_CC='gcc'
ac_ct_CXX='g++'
ac_ct_DUMPBIN=''
am__fastdepCC_FALSE='#'
am__fastdepCC_TRUE=''
am__fastdepCXX_FALSE='#'
am__fastdepCXX_TRUE=''
am__include='include'
am__isrc=''
am__leading_dot='.'
am__quote=''
am__tar='${AMTAR} chof - "$$tardir"'
am__untar='${AMTAR} xf -'
bindir='${exec_prefix}/bin'
build='i386-apple-darwin10.6.0'
build_alias=''
build_cpu='i386'
build_os='darwin10.6.0'
build_vendor='apple'
datadir='${datarootdir}'
datarootdir='${prefix}/share'
docdir='${datarootdir}/doc/${PACKAGE_TARNAME}'
dvidir='${docdir}'
enable_cpp='yes'
exec_prefix='${prefix}'
host='i386-apple-darwin10.6.0'
host_alias=''
host_cpu='i386'
host_os='darwin10.6.0'
host_vendor='apple'
htmldir='${docdir}/html'
includedir='${prefix}/include'
infodir='${datarootdir}/info'
install_sh='$(SHELL) /Users/tommi/PycharmProjects/msmicrokernel/utils/rmongo/src/mongo-cxx-driver/pcre/install-sh'
libdir='${exec_prefix}/lib'
libexecdir='${exec_prefix}/libexec'
localedir='${datarootdir}/locale'
localstatedir='${prefix}/var'
lt_ECHO='/bin/echo'
mandir='${datarootdir}/man'
mkdir_p='$(top_builddir)/./install-sh -c -d'
oldincludedir='/usr/include'
pcre_have_bits_type_traits='0'
pcre_have_long_long='1'
pcre_have_type_traits='0'
pcre_have_ulong_long='1'
pdfdir='${docdir}'
prefix='/usr/local'
program_transform_name='s,x,x,'
psdir='${docdir}'
sbindir='${exec_prefix}/sbin'
sharedstatedir='${prefix}/com'
sysconfdir='${prefix}/etc'
target_alias=''

## ----------- ##
## confdefs.h. ##
## ----------- ##

#define PACKAGE_NAME "PCRE"
#define PACKAGE_TARNAME "pcre"
#define PACKAGE_VERSION "8.02"
#define PACKAGE_STRING "PCRE 8.02"
#define PACKAGE_BUGREPORT ""
#define PACKAGE "pcre"
#define VERSION "8.02"
#define STDC_HEADERS 1
#define HAVE_SYS_TYPES_H 1
#define HAVE_SYS_STAT_H 1
#define HAVE_STDLIB_H 1
#define HAVE_STRING_H 1
#define HAVE_MEMORY_H 1
#define HAVE_STRINGS_H 1
#define HAVE_INTTYPES_H 1
#define HAVE_STDINT_H 1
#define HAVE_UNISTD_H 1
#define HAVE_DLFCN_H 1
#define LT_OBJDIR ".libs/"
#define STDC_HEADERS 1
#define HAVE_LIMITS_H 1
#define HAVE_SYS_TYPES_H 1
#define HAVE_SYS_STAT_H 1
#define HAVE_DIRENT_H 1
#define HAVE_STRING 1
#define HAVE_STRTOQ 1
#define HAVE_LONG_LONG 1
#define HAVE_UNSIGNED_LONG_LONG 1
#define HAVE_BCOPY 1
#define HAVE_MEMMOVE 1
#define HAVE_STRERROR 1
#define HAVE_ZLIB_H 1
#define HAVE_BZLIB_H 1
#define HAVE_READLINE_READLINE_H 1
#define HAVE_READLINE_HISTORY_H 1
#define NEWLINE 10
#define LINK_SIZE 2
#define POSIX_MALLOC_THRESHOLD 10
#define MATCH_LIMIT 10000000
#define MATCH_LIMIT_RECURSION MATCH_LIMIT
#define MAX_NAME_SIZE 32
#define MAX_NAME_COUNT 10000

configure: exit 0
